android/app/build/outputs/mapping/release/seeds.txt
net.vlinkgroup.nexora.MainActivity
net.vlinkgroup.nexora.MainActivity: MainActivity()
...
com.onesignal.inAppMessages.InAppMessageActionUrlType: InAppMessageActionUrlType(java.lang.String,int,java.lang.String)
com.onesignal.user.internal.operations.UpdateSubscriptionOperation: UpdateSubscriptionOperation()
ee.forgr.capacitor_updater.CapacitorUpdaterPlugin: void lambda$getAppUpdateInfo$47(com.getcapacitor.PluginCall,java.lang.Exception)
com.onesignal.core.internal.config.ConfigModel: long getSessionFocusTimeout()
ee.forgr.capacitor_updater.CapacitorUpdaterPlugin: int normalizedPeriodCheckDelaySeconds(int)
com.onesignal.core.internal.config.ConfigModel: com.onesignal.user.internal.jwt.JwtRequirement getUseIdentityVerification$com_onesignal_core()
com.onesignal.user.internal.operations.impl.executors.LoginUserOperationExecutor: java.lang.Object createUser(com.onesignal.user.internal.operations.LoginUserOperation,java.util.List,kotlin.coroutines.Continuation)
com.google.android.material.textfield.TextInputLayout: void setSuffixTextColor(android.content.res.ColorStateList)
androidx.appcompat.widget.ActionBarOverlayLayout: java.lang.CharSequence getTitle()
com.onesignal.core.internal.features.FeatureManager: FeatureManager(com.onesignal.core.internal.config.ConfigModelStore)
com.onesignal.common.modeling.Model: void setDoubleProperty(java.lang.String,double,java.lang.String,boolean)
com.onesignal.notifications.internal.open.impl.NotificationOpenedProcessor: java.lang.Object markNotificationsConsumed(android.content.Context,android.content.Intent,boolean,kotlin.coroutines.Continuation)
com.onesignal.notifications.internal.permissions.impl.NotificationPermissionController: void onAccept()
com.onesignal.core.internal.config.InfluenceConfigModel$iamLimit$1: InfluenceConfigModel$iamLimit$1()
com.onesignal.notifications.internal.data.impl.NotificationRepository$doesNotificationExist$2: java.lang.Object invoke(java.lang.Object,java.lang.Object)
com.onesignal.internal.OneSignalImp: void logout()
com.onesignal.user.internal.LoginHelper$LoginEnqueueContext: java.lang.String component3()
com.onesignal.user.internal.AppIdResolution: java.lang.String toString()
kotlin.jvm.internal.PropertyReference1: java.lang.Object invoke(java.lang.Object)
com.getcapacitor.util.HostMask$Any: boolean matches(java.lang.String)
ee.forgr.capacitor_updater.CapacitorUpdaterPlugin$FireAndForgetPluginCall: void resolve(com.getcapacitor.JSObject)
org.apache.cordova.NativeToJsMessageQueue$OnlineEventsBridgeMode: void onNativeToJsMessageAvailable(org.apache.cordova.NativeToJsMessageQueue)
com.onesignal.core.internal.backend.ParamsObject: java.lang.Boolean getUnsubscribeWhenNotificationsDisabled()
com.onesignal.notifications.internal.NotificationsManager: boolean getPermission()
com.onesignal.internal.OneSignalImp$initWithContextSuspend$2: java.lang.Object invokeSuspend(java.lang.Object)
androidx.appcompat.app.AppCompatDelegateImpl$Api33Impl: void unregisterOnBackInvokedCallback(java.lang.Object,java.lang.Object)
com.google.android.material.textfield.TextInputLayout: void setBoxStrokeWidth(int)
ee.forgr.capacitor_updater.Logger: void setLevelName(java.lang.String)
com.google.android.material.snackbar.BaseTransientBottomBar$SnackbarBaseLayout: float getActionTextColorAlpha()
com.onesignal.session.internal.influence.impl.ChannelTracker: org.json.JSONArray getLastChannelObjects()
com.onesignal.internal.OneSignalImp$getUser$2: kotlin.coroutines.Continuation create(java.lang.Object,kotlin.coroutines.Continuation)
androidx.appcompat.widget.Toolbar: androidx.appcompat.widget.ActionMenuPresenter getOuterActionMenuPresenter()
com.onesignal.core.R$anim: R$anim()
com.onesignal.location.internal.controller.impl.GmsLocationController$LocationHandlerThread: GmsLocationController$LocationHandlerThread()
com.onesignal.notifications.internal.Notification: void setBackgroundImageLayoutFromData(org.json.JSONObject)
com.onesignal.debug.internal.logging.otel.android.OtelPlatformProvider$remoteLogLevel$2: java.lang.String invoke()