android/app/build/outputs/mapping/release/usage.txt
net.vlinkgroup.nexora.R$color
net.vlinkgroup.nexora.R$drawable
net.vlinkgroup.nexora.R$layout
net.vlinkgroup.nexora.R$mipmap
net.vlinkgroup.nexora.R$string
net.vlinkgroup.nexora.R$style
net.vlinkgroup.nexora.R$xml
net.vlinkgroup.nexora.R
...
com.google.android.gms.common.api.BatchResult
com.google.android.gms.common.api.BatchResultToken
com.google.android.gms.common.api.BooleanResult
com.google.android.gms.common.api.CommonStatusCodes:
    public static final int API_NOT_CONNECTED
    public static final int CANCELED
    public static final int CONNECTION_SUSPENDED_DURING_CALL
    public static final int DEVELOPER_ERROR
    public static final int ERROR
    public static final int INTERNAL_ERROR
    public static final int INTERRUPTED
    public static final int INVALID_ACCOUNT
    public static final int NETWORK_ERROR
    public static final int RECONNECTION_TIMED_OUT
    public static final int RECONNECTION_TIMED_OUT_DURING_UPDATE
    public static final int REMOTE_EXCEPTION
    public static final int RESOLUTION_REQUIRED
    public static final int SERVICE_DISABLED
    public static final int SERVICE_VERSION_UPDATE_REQUIRED
    public static final int SIGN_IN_REQUIRED
    public static final int SUCCESS
    public static final int SUCCESS_CACHE
    public static final int TIMEOUT
    protected void <init>()
com.google.android.gms.common.api.ComplianceOptions$Builder
com.google.android.gms.common.api.ComplianceOptions
com.google.android.gms.common.api.DataBufferResponse
com.google.android.gms.common.api.GoogleApi$Settings$Builder:
    public com.google.android.gms.common.api.GoogleApi$Settings$Builder setLooper(android.os.Looper)
    public com.google.android.gms.common.api.GoogleApi$Settings$Builder setMapper(com.google.android.gms.common.api.internal.StatusExceptionMapper)
com.google.android.gms.common.api.GoogleApi:
    public void <init>(android.app.Activity,com.google.android.gms.common.api.Api,com.google.android.gms.common.api.Api$ApiOptions,com.google.android.gms.common.api.GoogleApi$Settings)
    public void <init>(android.app.Activity,com.google.android.gms.common.api.Api,com.google.android.gms.common.api.Api$ApiOptions,com.google.android.gms.common.api.internal.StatusExceptionMapper)
    public void <init>(android.content.Context,com.google.android.gms.common.api.Api,com.google.android.gms.common.api.Api$ApiOptions,android.os.Looper,com.google.android.gms.common.api.internal.StatusExceptionMapper)
    public void <init>(android.content.Context,com.google.android.gms.common.api.Api,com.google.android.gms.common.api.Api$ApiOptions,com.google.android.gms.common.api.internal.StatusExceptionMapper)
    public com.google.android.gms.common.api.GoogleApiClient asGoogleApiClient()
    protected com.google.android.gms.tasks.Task disconnectService()
    public com.google.android.gms.common.api.internal.BaseImplementation$ApiMethodImpl doBestEffortWrite(com.google.android.gms.common.api.internal.BaseImplementation$ApiMethodImpl)
    public com.google.android.gms.common.api.internal.BaseImplementation$ApiMethodImpl doRead(com.google.android.gms.common.api.internal.BaseImplementation$ApiMethodImpl)
    public com.google.android.gms.tasks.Task doRead(com.google.android.gms.common.api.internal.TaskApiCall)